[2024-07-01 02:09:59,370] multiqc                                            [DEBUG  ]  This is MultiQC v1.13
[2024-07-01 02:09:59,371] multiqc                                            [DEBUG  ]  Command used: /usr/bin/multiqc output/Bismark/controls/fastq_trimmed/SRR25023039_1.fastq.gz_trimming_report.txt output/Bismark/controls/fastq_trimmed/SRR25023039_1_val_1_fastqc output/Bismark/controls/fastq_trimmed/SRR25023039_1_val_1_fastqc.html output/Bismark/controls/fastq_trimmed/SRR25023039_1_val_1_fastqc.zip output/Bismark/controls/fastq_trimmed/SRR25023039_1_val_1.fq.gz output/Bismark/controls/fastq_trimmed/SRR25023039_2.fastq.gz_trimming_report.txt output/Bismark/controls/fastq_trimmed/SRR25023039_2_val_2_fastqc output/Bismark/controls/fastq_trimmed/SRR25023039_2_val_2_fastqc.html output/Bismark/controls/fastq_trimmed/SRR25023039_2_val_2_fastqc.zip output/Bismark/controls/fastq_trimmed/SRR25023039_2_val_2.fq.gz output/Bismark/controls/fastq_trimmed/SRR25023040_1.fastq.gz_trimming_report.txt output/Bismark/controls/fastq_trimmed/SRR25023040_1_val_1_fastqc output/Bismark/controls/fastq_trimmed/SRR25023040_1_val_1_fastqc.html output/Bismark/controls/fastq_trimmed/SRR25023040_1_val_1_fastqc.zip output/Bismark/controls/fastq_trimmed/SRR25023040_1_val_1.fq.gz output/Bismark/controls/fastq_trimmed/SRR25023040_2.fastq.gz_trimming_report.txt output/Bismark/controls/fastq_trimmed/SRR25023040_2_val_2_fastqc output/Bismark/controls/fastq_trimmed/SRR25023040_2_val_2_fastqc.html output/Bismark/controls/fastq_trimmed/SRR25023040_2_val_2_fastqc.zip output/Bismark/controls/fastq_trimmed/SRR25023040_2_val_2.fq.gz output/Bismark/controls/fastq_trimmed/SRR25023041_1.fastq.gz_trimming_report.txt output/Bismark/controls/fastq_trimmed/SRR25023041_1_val_1_fastqc output/Bismark/controls/fastq_trimmed/SRR25023041_1_val_1_fastqc.html output/Bismark/controls/fastq_trimmed/SRR25023041_1_val_1_fastqc.zip output/Bismark/controls/fastq_trimmed/SRR25023041_1_val_1.fq.gz output/Bismark/controls/fastq_trimmed/SRR25023041_2.fastq.gz_trimming_report.txt output/Bismark/controls/fastq_trimmed/SRR25023041_2_val_2_fastqc output/Bismark/controls/fastq_trimmed/SRR25023041_2_val_2_fastqc.html output/Bismark/controls/fastq_trimmed/SRR25023041_2_val_2_fastqc.zip output/Bismark/controls/fastq_trimmed/SRR25023041_2_val_2.fq.gz output/Bismark/controls/fastq_trimmed/SRR25023042_1.fastq.gz_trimming_report.txt output/Bismark/controls/fastq_trimmed/SRR25023042_1_val_1_fastqc output/Bismark/controls/fastq_trimmed/SRR25023042_1_val_1_fastqc.html output/Bismark/controls/fastq_trimmed/SRR25023042_1_val_1_fastqc.zip output/Bismark/controls/fastq_trimmed/SRR25023042_1_val_1.fq.gz output/Bismark/controls/fastq_trimmed/SRR25023042_2.fastq.gz_trimming_report.txt output/Bismark/controls/fastq_trimmed/SRR25023042_2_val_2_fastqc output/Bismark/controls/fastq_trimmed/SRR25023042_2_val_2_fastqc.html output/Bismark/controls/fastq_trimmed/SRR25023042_2_val_2_fastqc.zip output/Bismark/controls/fastq_trimmed/SRR25023042_2_val_2.fq.gz output/Bismark/controls/fastq_trimmed/SRR25023043_1.fastq.gz_trimming_report.txt output/Bismark/controls/fastq_trimmed/SRR25023043_1_val_1_fastqc output/Bismark/controls/fastq_trimmed/SRR25023043_1_val_1_fastqc.html output/Bismark/controls/fastq_trimmed/SRR25023043_1_val_1_fastqc.zip output/Bismark/controls/fastq_trimmed/SRR25023043_1_val_1.fq.gz output/Bismark/controls/fastq_trimmed/SRR25023043_2.fastq.gz_trimming_report.txt output/Bismark/controls/fastq_trimmed/SRR25023043_2_val_2_fastqc output/Bismark/controls/fastq_trimmed/SRR25023043_2_val_2_fastqc.html output/Bismark/controls/fastq_trimmed/SRR25023043_2_val_2_fastqc.zip output/Bismark/controls/fastq_trimmed/SRR25023043_2_val_2.fq.gz
[2024-07-01 02:10:01,215] multiqc                                            [WARNING]  MultiQC Version v1.22.3 now available!
[2024-07-01 02:10:01,215] multiqc                                            [DEBUG  ]  Working dir : /home/fer/Documents/AutoMethycTest
[2024-07-01 02:10:01,215] multiqc                                            [DEBUG  ]  Template    : default
[2024-07-01 02:10:01,216] multiqc                                            [DEBUG  ]  Running Python 3.10.12 (main, Nov 20 2023, 15:14:05) [GCC 11.4.0]
[2024-07-01 02:10:01,217] multiqc                                            [DEBUG  ]  Analysing modules: custom_content, ccs, ngsderive, purple, conpair, lima, peddy, somalier, methylQA, mosdepth, phantompeakqualtools, qualimap, preseq, quast, qorts, rna_seqc, rockhopper, rsem, rseqc, busco, bustools, goleft_indexcov, gffcompare, disambiguate, supernova, deeptools, sargasso, verifybamid, mirtrace, happy, mirtop, sambamba, homer, hops, macs2, theta2, snpeff, gatk, htseq, bcftools, featureCounts, fgbio, dragen, dedup, pbmarkdup, damageprofiler, biobambam2, jcvi, mtnucratio, picard, vep, sentieon, prokka, qc3C, nanostat, samblaster, samtools, sexdeterrmine, eigenstratdatabasetools, bamtools, jellyfish, vcftools, longranger, stacks, varscan2, snippy, bbmap, bismark, biscuit, hicexplorer, hicup, hicpro, salmon, kallisto, slamdunk, star, hisat2, tophat, bowtie2, bowtie1, snpsplit, odgi, pangolin, kat, leehom, adapterRemoval, clipandmerge, cutadapt, flexbar, kaiju, kraken, malt, trimmomatic, sickle, skewer, sortmerna, biobloomtools, fastq_screen, afterqc, fastp, fastqc, pychopper, pycoqc, minionqc, multivcfanalyzer, clusterflow, checkqc, bcl2fastq, bclconvert, interop, ivar, flash, seqyclean, optitype, whatshap
[2024-07-01 02:10:01,258] multiqc                                            [DEBUG  ]  Using temporary directory for creating report: /tmp/tmp3srvz0z3
[2024-07-01 02:10:02,269] multiqc                                            [INFO   ]  Search path : /home/fer/Documents/AutoMethycTest/output/Bismark/controls/fastq_trimmed/SRR25023039_1.fastq.gz_trimming_report.txt
[2024-07-01 02:10:02,269] multiqc                                            [INFO   ]  Search path : /home/fer/Documents/AutoMethycTest/output/Bismark/controls/fastq_trimmed/SRR25023039_1_val_1_fastqc
[2024-07-01 02:10:02,270] multiqc                                            [INFO   ]  Search path : /home/fer/Documents/AutoMethycTest/output/Bismark/controls/fastq_trimmed/SRR25023039_1_val_1_fastqc.html
[2024-07-01 02:10:02,270] multiqc                                            [INFO   ]  Search path : /home/fer/Documents/AutoMethycTest/output/Bismark/controls/fastq_trimmed/SRR25023039_1_val_1_fastqc.zip
[2024-07-01 02:10:02,270] multiqc                                            [INFO   ]  Search path : /home/fer/Documents/AutoMethycTest/output/Bismark/controls/fastq_trimmed/SRR25023039_1_val_1.fq.gz
[2024-07-01 02:10:02,270] multiqc                                            [INFO   ]  Search path : /home/fer/Documents/AutoMethycTest/output/Bismark/controls/fastq_trimmed/SRR25023039_2.fastq.gz_trimming_report.txt
[2024-07-01 02:10:02,270] multiqc                                            [INFO   ]  Search path : /home/fer/Documents/AutoMethycTest/output/Bismark/controls/fastq_trimmed/SRR25023039_2_val_2_fastqc
[2024-07-01 02:10:02,271] multiqc                                            [INFO   ]  Search path : /home/fer/Documents/AutoMethycTest/output/Bismark/controls/fastq_trimmed/SRR25023039_2_val_2_fastqc.html
[2024-07-01 02:10:02,271] multiqc                                            [INFO   ]  Search path : /home/fer/Documents/AutoMethycTest/output/Bismark/controls/fastq_trimmed/SRR25023039_2_val_2_fastqc.zip
[2024-07-01 02:10:02,271] multiqc                                            [INFO   ]  Search path : /home/fer/Documents/AutoMethycTest/output/Bismark/controls/fastq_trimmed/SRR25023039_2_val_2.fq.gz
[2024-07-01 02:10:02,271] multiqc                                            [INFO   ]  Search path : /home/fer/Documents/AutoMethycTest/output/Bismark/controls/fastq_trimmed/SRR25023040_1.fastq.gz_trimming_report.txt
[2024-07-01 02:10:02,271] multiqc                                            [INFO   ]  Search path : /home/fer/Documents/AutoMethycTest/output/Bismark/controls/fastq_trimmed/SRR25023040_1_val_1_fastqc
[2024-07-01 02:10:02,272] multiqc                                            [INFO   ]  Search path : /home/fer/Documents/AutoMethycTest/output/Bismark/controls/fastq_trimmed/SRR25023040_1_val_1_fastqc.html
[2024-07-01 02:10:02,272] multiqc                                            [INFO   ]  Search path : /home/fer/Documents/AutoMethycTest/output/Bismark/controls/fastq_trimmed/SRR25023040_1_val_1_fastqc.zip
[2024-07-01 02:10:02,272] multiqc                                            [INFO   ]  Search path : /home/fer/Documents/AutoMethycTest/output/Bismark/controls/fastq_trimmed/SRR25023040_1_val_1.fq.gz
[2024-07-01 02:10:02,272] multiqc                                            [INFO   ]  Search path : /home/fer/Documents/AutoMethycTest/output/Bismark/controls/fastq_trimmed/SRR25023040_2.fastq.gz_trimming_report.txt
[2024-07-01 02:10:02,272] multiqc                                            [INFO   ]  Search path : /home/fer/Documents/AutoMethycTest/output/Bismark/controls/fastq_trimmed/SRR25023040_2_val_2_fastqc
[2024-07-01 02:10:02,272] multiqc                                            [INFO   ]  Search path : /home/fer/Documents/AutoMethycTest/output/Bismark/controls/fastq_trimmed/SRR25023040_2_val_2_fastqc.html
[2024-07-01 02:10:02,272] multiqc                                            [INFO   ]  Search path : /home/fer/Documents/AutoMethycTest/output/Bismark/controls/fastq_trimmed/SRR25023040_2_val_2_fastqc.zip
[2024-07-01 02:10:02,273] multiqc                                            [INFO   ]  Search path : /home/fer/Documents/AutoMethycTest/output/Bismark/controls/fastq_trimmed/SRR25023040_2_val_2.fq.gz
[2024-07-01 02:10:02,273] multiqc                                            [INFO   ]  Search path : /home/fer/Documents/AutoMethycTest/output/Bismark/controls/fastq_trimmed/SRR25023041_1.fastq.gz_trimming_report.txt
[2024-07-01 02:10:02,273] multiqc                                            [INFO   ]  Search path : /home/fer/Documents/AutoMethycTest/output/Bismark/controls/fastq_trimmed/SRR25023041_1_val_1_fastqc
[2024-07-01 02:10:02,273] multiqc                                            [INFO   ]  Search path : /home/fer/Documents/AutoMethycTest/output/Bismark/controls/fastq_trimmed/SRR25023041_1_val_1_fastqc.html
[2024-07-01 02:10:02,273] multiqc                                            [INFO   ]  Search path : /home/fer/Documents/AutoMethycTest/output/Bismark/controls/fastq_trimmed/SRR25023041_1_val_1_fastqc.zip
[2024-07-01 02:10:02,273] multiqc                                            [INFO   ]  Search path : /home/fer/Documents/AutoMethycTest/output/Bismark/controls/fastq_trimmed/SRR25023041_1_val_1.fq.gz
[2024-07-01 02:10:02,273] multiqc                                            [INFO   ]  Search path : /home/fer/Documents/AutoMethycTest/output/Bismark/controls/fastq_trimmed/SRR25023041_2.fastq.gz_trimming_report.txt
[2024-07-01 02:10:02,274] multiqc                                            [INFO   ]  Search path : /home/fer/Documents/AutoMethycTest/output/Bismark/controls/fastq_trimmed/SRR25023041_2_val_2_fastqc
[2024-07-01 02:10:02,274] multiqc                                            [INFO   ]  Search path : /home/fer/Documents/AutoMethycTest/output/Bismark/controls/fastq_trimmed/SRR25023041_2_val_2_fastqc.html
[2024-07-01 02:10:02,274] multiqc                                            [INFO   ]  Search path : /home/fer/Documents/AutoMethycTest/output/Bismark/controls/fastq_trimmed/SRR25023041_2_val_2_fastqc.zip
[2024-07-01 02:10:02,274] multiqc                                            [INFO   ]  Search path : /home/fer/Documents/AutoMethycTest/output/Bismark/controls/fastq_trimmed/SRR25023041_2_val_2.fq.gz
[2024-07-01 02:10:02,274] multiqc                                            [INFO   ]  Search path : /home/fer/Documents/AutoMethycTest/output/Bismark/controls/fastq_trimmed/SRR25023042_1.fastq.gz_trimming_report.txt
[2024-07-01 02:10:02,274] multiqc                                            [INFO   ]  Search path : /home/fer/Documents/AutoMethycTest/output/Bismark/controls/fastq_trimmed/SRR25023042_1_val_1_fastqc
[2024-07-01 02:10:02,274] multiqc                                            [INFO   ]  Search path : /home/fer/Documents/AutoMethycTest/output/Bismark/controls/fastq_trimmed/SRR25023042_1_val_1_fastqc.html
[2024-07-01 02:10:02,274] multiqc                                            [INFO   ]  Search path : /home/fer/Documents/AutoMethycTest/output/Bismark/controls/fastq_trimmed/SRR25023042_1_val_1_fastqc.zip
[2024-07-01 02:10:02,275] multiqc                                            [INFO   ]  Search path : /home/fer/Documents/AutoMethycTest/output/Bismark/controls/fastq_trimmed/SRR25023042_1_val_1.fq.gz
[2024-07-01 02:10:02,275] multiqc                                            [INFO   ]  Search path : /home/fer/Documents/AutoMethycTest/output/Bismark/controls/fastq_trimmed/SRR25023042_2.fastq.gz_trimming_report.txt
[2024-07-01 02:10:02,275] multiqc                                            [INFO   ]  Search path : /home/fer/Documents/AutoMethycTest/output/Bismark/controls/fastq_trimmed/SRR25023042_2_val_2_fastqc
[2024-07-01 02:10:02,275] multiqc                                            [INFO   ]  Search path : /home/fer/Documents/AutoMethycTest/output/Bismark/controls/fastq_trimmed/SRR25023042_2_val_2_fastqc.html
[2024-07-01 02:10:02,275] multiqc                                            [INFO   ]  Search path : /home/fer/Documents/AutoMethycTest/output/Bismark/controls/fastq_trimmed/SRR25023042_2_val_2_fastqc.zip
[2024-07-01 02:10:02,275] multiqc                                            [INFO   ]  Search path : /home/fer/Documents/AutoMethycTest/output/Bismark/controls/fastq_trimmed/SRR25023042_2_val_2.fq.gz
[2024-07-01 02:10:02,275] multiqc                                            [INFO   ]  Search path : /home/fer/Documents/AutoMethycTest/output/Bismark/controls/fastq_trimmed/SRR25023043_1.fastq.gz_trimming_report.txt
[2024-07-01 02:10:02,276] multiqc                                            [INFO   ]  Search path : /home/fer/Documents/AutoMethycTest/output/Bismark/controls/fastq_trimmed/SRR25023043_1_val_1_fastqc
[2024-07-01 02:10:02,276] multiqc                                            [INFO   ]  Search path : /home/fer/Documents/AutoMethycTest/output/Bismark/controls/fastq_trimmed/SRR25023043_1_val_1_fastqc.html
[2024-07-01 02:10:02,276] multiqc                                            [INFO   ]  Search path : /home/fer/Documents/AutoMethycTest/output/Bismark/controls/fastq_trimmed/SRR25023043_1_val_1_fastqc.zip
[2024-07-01 02:10:02,276] multiqc                                            [INFO   ]  Search path : /home/fer/Documents/AutoMethycTest/output/Bismark/controls/fastq_trimmed/SRR25023043_1_val_1.fq.gz
[2024-07-01 02:10:02,276] multiqc                                            [INFO   ]  Search path : /home/fer/Documents/AutoMethycTest/output/Bismark/controls/fastq_trimmed/SRR25023043_2.fastq.gz_trimming_report.txt
[2024-07-01 02:10:02,276] multiqc                                            [INFO   ]  Search path : /home/fer/Documents/AutoMethycTest/output/Bismark/controls/fastq_trimmed/SRR25023043_2_val_2_fastqc
[2024-07-01 02:10:02,276] multiqc                                            [INFO   ]  Search path : /home/fer/Documents/AutoMethycTest/output/Bismark/controls/fastq_trimmed/SRR25023043_2_val_2_fastqc.html
[2024-07-01 02:10:02,276] multiqc                                            [INFO   ]  Search path : /home/fer/Documents/AutoMethycTest/output/Bismark/controls/fastq_trimmed/SRR25023043_2_val_2_fastqc.zip
[2024-07-01 02:10:02,277] multiqc                                            [INFO   ]  Search path : /home/fer/Documents/AutoMethycTest/output/Bismark/controls/fastq_trimmed/SRR25023043_2_val_2.fq.gz
[2024-07-01 02:10:07,376] multiqc                                            [DEBUG  ]  Summary of files that were skipped by the search: [skipped_module_specific_max_filesize: 300] // [skipped_no_match: 180] // [skipped_ignore_pattern: 10]
[2024-07-01 02:10:10,121] multiqc.plots.bargraph                             [DEBUG  ]  Using matplotlib version 3.5.2
[2024-07-01 02:10:10,144] multiqc.plots.linegraph                            [DEBUG  ]  Using matplotlib version 3.5.2
[2024-07-01 02:10:10,148] multiqc                                            [DEBUG  ]  No samples found: custom_content
[2024-07-01 02:10:10,312] multiqc.modules.cutadapt.cutadapt                  [INFO   ]  Found 10 reports
[2024-07-01 02:10:10,508] multiqc.modules.fastqc.fastqc                      [DEBUG  ]  Skipping 'SRR25023039_1_val_1_fastqc.zip' as already parsed 'SRR25023039_1_val_1'
[2024-07-01 02:10:10,508] multiqc.modules.fastqc.fastqc                      [DEBUG  ]  Skipping 'SRR25023039_2_val_2_fastqc.zip' as already parsed 'SRR25023039_2_val_2'
[2024-07-01 02:10:10,508] multiqc.modules.fastqc.fastqc                      [DEBUG  ]  Skipping 'SRR25023040_1_val_1_fastqc.zip' as already parsed 'SRR25023040_1_val_1'
[2024-07-01 02:10:10,508] multiqc.modules.fastqc.fastqc                      [DEBUG  ]  Skipping 'SRR25023040_2_val_2_fastqc.zip' as already parsed 'SRR25023040_2_val_2'
[2024-07-01 02:10:10,508] multiqc.modules.fastqc.fastqc                      [DEBUG  ]  Skipping 'SRR25023041_1_val_1_fastqc.zip' as already parsed 'SRR25023041_1_val_1'
[2024-07-01 02:10:10,508] multiqc.modules.fastqc.fastqc                      [DEBUG  ]  Skipping 'SRR25023041_2_val_2_fastqc.zip' as already parsed 'SRR25023041_2_val_2'
[2024-07-01 02:10:10,509] multiqc.modules.fastqc.fastqc                      [DEBUG  ]  Skipping 'SRR25023042_1_val_1_fastqc.zip' as already parsed 'SRR25023042_1_val_1'
[2024-07-01 02:10:10,509] multiqc.modules.fastqc.fastqc                      [DEBUG  ]  Skipping 'SRR25023042_2_val_2_fastqc.zip' as already parsed 'SRR25023042_2_val_2'
[2024-07-01 02:10:10,509] multiqc.modules.fastqc.fastqc                      [DEBUG  ]  Skipping 'SRR25023043_1_val_1_fastqc.zip' as already parsed 'SRR25023043_1_val_1'
[2024-07-01 02:10:10,509] multiqc.modules.fastqc.fastqc                      [DEBUG  ]  Skipping 'SRR25023043_2_val_2_fastqc.zip' as already parsed 'SRR25023043_2_val_2'
[2024-07-01 02:10:10,509] multiqc.modules.fastqc.fastqc                      [INFO   ]  Found 10 reports
[2024-07-01 02:10:10,770] multiqc                                            [INFO   ]  Compressing plot data
[2024-07-01 02:10:11,042] multiqc                                            [INFO   ]  Report      : multiqc_report.html
[2024-07-01 02:10:11,043] multiqc                                            [INFO   ]  Data        : multiqc_data
[2024-07-01 02:10:11,043] multiqc                                            [DEBUG  ]  Moving data file from '/tmp/tmp3srvz0z3/multiqc_data' to '/home/fer/Documents/AutoMethycTest/multiqc_data'
[2024-07-01 02:10:11,620] multiqc                                            [INFO   ]  MultiQC complete
