[2024-07-01 02:10:13,590] multiqc                                            [DEBUG  ]  This is MultiQC v1.13
[2024-07-01 02:10:13,591] multiqc                                            [DEBUG  ]  Command used: /usr/bin/multiqc output/Bismark/cases/fastq_trimmed/SRR25023301_1.fastq.gz_trimming_report.txt output/Bismark/cases/fastq_trimmed/SRR25023301_1_val_1_fastqc output/Bismark/cases/fastq_trimmed/SRR25023301_1_val_1_fastqc.html output/Bismark/cases/fastq_trimmed/SRR25023301_1_val_1_fastqc.zip output/Bismark/cases/fastq_trimmed/SRR25023301_1_val_1.fq.gz output/Bismark/cases/fastq_trimmed/SRR25023301_2.fastq.gz_trimming_report.txt output/Bismark/cases/fastq_trimmed/SRR25023301_2_val_2_fastqc output/Bismark/cases/fastq_trimmed/SRR25023301_2_val_2_fastqc.html output/Bismark/cases/fastq_trimmed/SRR25023301_2_val_2_fastqc.zip output/Bismark/cases/fastq_trimmed/SRR25023301_2_val_2.fq.gz output/Bismark/cases/fastq_trimmed/SRR25023302_1.fastq.gz_trimming_report.txt output/Bismark/cases/fastq_trimmed/SRR25023302_1_val_1_fastqc output/Bismark/cases/fastq_trimmed/SRR25023302_1_val_1_fastqc.html output/Bismark/cases/fastq_trimmed/SRR25023302_1_val_1_fastqc.zip output/Bismark/cases/fastq_trimmed/SRR25023302_1_val_1.fq.gz output/Bismark/cases/fastq_trimmed/SRR25023302_2.fastq.gz_trimming_report.txt output/Bismark/cases/fastq_trimmed/SRR25023302_2_val_2_fastqc output/Bismark/cases/fastq_trimmed/SRR25023302_2_val_2_fastqc.html output/Bismark/cases/fastq_trimmed/SRR25023302_2_val_2_fastqc.zip output/Bismark/cases/fastq_trimmed/SRR25023302_2_val_2.fq.gz output/Bismark/cases/fastq_trimmed/SRR25023303_1.fastq.gz_trimming_report.txt output/Bismark/cases/fastq_trimmed/SRR25023303_1_val_1_fastqc output/Bismark/cases/fastq_trimmed/SRR25023303_1_val_1_fastqc.html output/Bismark/cases/fastq_trimmed/SRR25023303_1_val_1_fastqc.zip output/Bismark/cases/fastq_trimmed/SRR25023303_1_val_1.fq.gz output/Bismark/cases/fastq_trimmed/SRR25023303_2.fastq.gz_trimming_report.txt output/Bismark/cases/fastq_trimmed/SRR25023303_2_val_2_fastqc output/Bismark/cases/fastq_trimmed/SRR25023303_2_val_2_fastqc.html output/Bismark/cases/fastq_trimmed/SRR25023303_2_val_2_fastqc.zip output/Bismark/cases/fastq_trimmed/SRR25023303_2_val_2.fq.gz output/Bismark/cases/fastq_trimmed/SRR25023304_1.fastq.gz_trimming_report.txt output/Bismark/cases/fastq_trimmed/SRR25023304_1_val_1_fastqc output/Bismark/cases/fastq_trimmed/SRR25023304_1_val_1_fastqc.html output/Bismark/cases/fastq_trimmed/SRR25023304_1_val_1_fastqc.zip output/Bismark/cases/fastq_trimmed/SRR25023304_1_val_1.fq.gz output/Bismark/cases/fastq_trimmed/SRR25023304_2.fastq.gz_trimming_report.txt output/Bismark/cases/fastq_trimmed/SRR25023304_2_val_2_fastqc output/Bismark/cases/fastq_trimmed/SRR25023304_2_val_2_fastqc.html output/Bismark/cases/fastq_trimmed/SRR25023304_2_val_2_fastqc.zip output/Bismark/cases/fastq_trimmed/SRR25023304_2_val_2.fq.gz output/Bismark/cases/fastq_trimmed/SRR25023305_1.fastq.gz_trimming_report.txt output/Bismark/cases/fastq_trimmed/SRR25023305_1_val_1_fastqc output/Bismark/cases/fastq_trimmed/SRR25023305_1_val_1_fastqc.html output/Bismark/cases/fastq_trimmed/SRR25023305_1_val_1_fastqc.zip output/Bismark/cases/fastq_trimmed/SRR25023305_1_val_1.fq.gz output/Bismark/cases/fastq_trimmed/SRR25023305_2.fastq.gz_trimming_report.txt output/Bismark/cases/fastq_trimmed/SRR25023305_2_val_2_fastqc output/Bismark/cases/fastq_trimmed/SRR25023305_2_val_2_fastqc.html output/Bismark/cases/fastq_trimmed/SRR25023305_2_val_2_fastqc.zip output/Bismark/cases/fastq_trimmed/SRR25023305_2_val_2.fq.gz
[2024-07-01 02:10:15,140] multiqc                                            [WARNING]  MultiQC Version v1.22.3 now available!
[2024-07-01 02:10:15,141] multiqc                                            [DEBUG  ]  Working dir : /home/fer/Documents/AutoMethycTest
[2024-07-01 02:10:15,141] multiqc                                            [DEBUG  ]  Template    : default
[2024-07-01 02:10:15,141] multiqc                                            [DEBUG  ]  Running Python 3.10.12 (main, Nov 20 2023, 15:14:05) [GCC 11.4.0]
[2024-07-01 02:10:15,142] multiqc                                            [DEBUG  ]  Analysing modules: custom_content, ccs, ngsderive, purple, conpair, lima, peddy, somalier, methylQA, mosdepth, phantompeakqualtools, qualimap, preseq, quast, qorts, rna_seqc, rockhopper, rsem, rseqc, busco, bustools, goleft_indexcov, gffcompare, disambiguate, supernova, deeptools, sargasso, verifybamid, mirtrace, happy, mirtop, sambamba, homer, hops, macs2, theta2, snpeff, gatk, htseq, bcftools, featureCounts, fgbio, dragen, dedup, pbmarkdup, damageprofiler, biobambam2, jcvi, mtnucratio, picard, vep, sentieon, prokka, qc3C, nanostat, samblaster, samtools, sexdeterrmine, eigenstratdatabasetools, bamtools, jellyfish, vcftools, longranger, stacks, varscan2, snippy, bbmap, bismark, biscuit, hicexplorer, hicup, hicpro, salmon, kallisto, slamdunk, star, hisat2, tophat, bowtie2, bowtie1, snpsplit, odgi, pangolin, kat, leehom, adapterRemoval, clipandmerge, cutadapt, flexbar, kaiju, kraken, malt, trimmomatic, sickle, skewer, sortmerna, biobloomtools, fastq_screen, afterqc, fastp, fastqc, pychopper, pycoqc, minionqc, multivcfanalyzer, clusterflow, checkqc, bcl2fastq, bclconvert, interop, ivar, flash, seqyclean, optitype, whatshap
[2024-07-01 02:10:15,143] multiqc                                            [DEBUG  ]  Using temporary directory for creating report: /tmp/tmpih7f3q7o
[2024-07-01 02:10:15,454] multiqc                                            [INFO   ]  Search path : /home/fer/Documents/AutoMethycTest/output/Bismark/cases/fastq_trimmed/SRR25023301_1.fastq.gz_trimming_report.txt
[2024-07-01 02:10:15,455] multiqc                                            [INFO   ]  Search path : /home/fer/Documents/AutoMethycTest/output/Bismark/cases/fastq_trimmed/SRR25023301_1_val_1_fastqc
[2024-07-01 02:10:15,455] multiqc                                            [INFO   ]  Search path : /home/fer/Documents/AutoMethycTest/output/Bismark/cases/fastq_trimmed/SRR25023301_1_val_1_fastqc.html
[2024-07-01 02:10:15,455] multiqc                                            [INFO   ]  Search path : /home/fer/Documents/AutoMethycTest/output/Bismark/cases/fastq_trimmed/SRR25023301_1_val_1_fastqc.zip
[2024-07-01 02:10:15,455] multiqc                                            [INFO   ]  Search path : /home/fer/Documents/AutoMethycTest/output/Bismark/cases/fastq_trimmed/SRR25023301_1_val_1.fq.gz
[2024-07-01 02:10:15,455] multiqc                                            [INFO   ]  Search path : /home/fer/Documents/AutoMethycTest/output/Bismark/cases/fastq_trimmed/SRR25023301_2.fastq.gz_trimming_report.txt
[2024-07-01 02:10:15,455] multiqc                                            [INFO   ]  Search path : /home/fer/Documents/AutoMethycTest/output/Bismark/cases/fastq_trimmed/SRR25023301_2_val_2_fastqc
[2024-07-01 02:10:15,456] multiqc                                            [INFO   ]  Search path : /home/fer/Documents/AutoMethycTest/output/Bismark/cases/fastq_trimmed/SRR25023301_2_val_2_fastqc.html
[2024-07-01 02:10:15,456] multiqc                                            [INFO   ]  Search path : /home/fer/Documents/AutoMethycTest/output/Bismark/cases/fastq_trimmed/SRR25023301_2_val_2_fastqc.zip
[2024-07-01 02:10:15,456] multiqc                                            [INFO   ]  Search path : /home/fer/Documents/AutoMethycTest/output/Bismark/cases/fastq_trimmed/SRR25023301_2_val_2.fq.gz
[2024-07-01 02:10:15,456] multiqc                                            [INFO   ]  Search path : /home/fer/Documents/AutoMethycTest/output/Bismark/cases/fastq_trimmed/SRR25023302_1.fastq.gz_trimming_report.txt
[2024-07-01 02:10:15,456] multiqc                                            [INFO   ]  Search path : /home/fer/Documents/AutoMethycTest/output/Bismark/cases/fastq_trimmed/SRR25023302_1_val_1_fastqc
[2024-07-01 02:10:15,456] multiqc                                            [INFO   ]  Search path : /home/fer/Documents/AutoMethycTest/output/Bismark/cases/fastq_trimmed/SRR25023302_1_val_1_fastqc.html
[2024-07-01 02:10:15,456] multiqc                                            [INFO   ]  Search path : /home/fer/Documents/AutoMethycTest/output/Bismark/cases/fastq_trimmed/SRR25023302_1_val_1_fastqc.zip
[2024-07-01 02:10:15,456] multiqc                                            [INFO   ]  Search path : /home/fer/Documents/AutoMethycTest/output/Bismark/cases/fastq_trimmed/SRR25023302_1_val_1.fq.gz
[2024-07-01 02:10:15,456] multiqc                                            [INFO   ]  Search path : /home/fer/Documents/AutoMethycTest/output/Bismark/cases/fastq_trimmed/SRR25023302_2.fastq.gz_trimming_report.txt
[2024-07-01 02:10:15,457] multiqc                                            [INFO   ]  Search path : /home/fer/Documents/AutoMethycTest/output/Bismark/cases/fastq_trimmed/SRR25023302_2_val_2_fastqc
[2024-07-01 02:10:15,457] multiqc                                            [INFO   ]  Search path : /home/fer/Documents/AutoMethycTest/output/Bismark/cases/fastq_trimmed/SRR25023302_2_val_2_fastqc.html
[2024-07-01 02:10:15,457] multiqc                                            [INFO   ]  Search path : /home/fer/Documents/AutoMethycTest/output/Bismark/cases/fastq_trimmed/SRR25023302_2_val_2_fastqc.zip
[2024-07-01 02:10:15,457] multiqc                                            [INFO   ]  Search path : /home/fer/Documents/AutoMethycTest/output/Bismark/cases/fastq_trimmed/SRR25023302_2_val_2.fq.gz
[2024-07-01 02:10:15,457] multiqc                                            [INFO   ]  Search path : /home/fer/Documents/AutoMethycTest/output/Bismark/cases/fastq_trimmed/SRR25023303_1.fastq.gz_trimming_report.txt
[2024-07-01 02:10:15,457] multiqc                                            [INFO   ]  Search path : /home/fer/Documents/AutoMethycTest/output/Bismark/cases/fastq_trimmed/SRR25023303_1_val_1_fastqc
[2024-07-01 02:10:15,457] multiqc                                            [INFO   ]  Search path : /home/fer/Documents/AutoMethycTest/output/Bismark/cases/fastq_trimmed/SRR25023303_1_val_1_fastqc.html
[2024-07-01 02:10:15,457] multiqc                                            [INFO   ]  Search path : /home/fer/Documents/AutoMethycTest/output/Bismark/cases/fastq_trimmed/SRR25023303_1_val_1_fastqc.zip
[2024-07-01 02:10:15,457] multiqc                                            [INFO   ]  Search path : /home/fer/Documents/AutoMethycTest/output/Bismark/cases/fastq_trimmed/SRR25023303_1_val_1.fq.gz
[2024-07-01 02:10:15,457] multiqc                                            [INFO   ]  Search path : /home/fer/Documents/AutoMethycTest/output/Bismark/cases/fastq_trimmed/SRR25023303_2.fastq.gz_trimming_report.txt
[2024-07-01 02:10:15,458] multiqc                                            [INFO   ]  Search path : /home/fer/Documents/AutoMethycTest/output/Bismark/cases/fastq_trimmed/SRR25023303_2_val_2_fastqc
[2024-07-01 02:10:15,458] multiqc                                            [INFO   ]  Search path : /home/fer/Documents/AutoMethycTest/output/Bismark/cases/fastq_trimmed/SRR25023303_2_val_2_fastqc.html
[2024-07-01 02:10:15,458] multiqc                                            [INFO   ]  Search path : /home/fer/Documents/AutoMethycTest/output/Bismark/cases/fastq_trimmed/SRR25023303_2_val_2_fastqc.zip
[2024-07-01 02:10:15,458] multiqc                                            [INFO   ]  Search path : /home/fer/Documents/AutoMethycTest/output/Bismark/cases/fastq_trimmed/SRR25023303_2_val_2.fq.gz
[2024-07-01 02:10:15,458] multiqc                                            [INFO   ]  Search path : /home/fer/Documents/AutoMethycTest/output/Bismark/cases/fastq_trimmed/SRR25023304_1.fastq.gz_trimming_report.txt
[2024-07-01 02:10:15,458] multiqc                                            [INFO   ]  Search path : /home/fer/Documents/AutoMethycTest/output/Bismark/cases/fastq_trimmed/SRR25023304_1_val_1_fastqc
[2024-07-01 02:10:15,458] multiqc                                            [INFO   ]  Search path : /home/fer/Documents/AutoMethycTest/output/Bismark/cases/fastq_trimmed/SRR25023304_1_val_1_fastqc.html
[2024-07-01 02:10:15,458] multiqc                                            [INFO   ]  Search path : /home/fer/Documents/AutoMethycTest/output/Bismark/cases/fastq_trimmed/SRR25023304_1_val_1_fastqc.zip
[2024-07-01 02:10:15,458] multiqc                                            [INFO   ]  Search path : /home/fer/Documents/AutoMethycTest/output/Bismark/cases/fastq_trimmed/SRR25023304_1_val_1.fq.gz
[2024-07-01 02:10:15,458] multiqc                                            [INFO   ]  Search path : /home/fer/Documents/AutoMethycTest/output/Bismark/cases/fastq_trimmed/SRR25023304_2.fastq.gz_trimming_report.txt
[2024-07-01 02:10:15,458] multiqc                                            [INFO   ]  Search path : /home/fer/Documents/AutoMethycTest/output/Bismark/cases/fastq_trimmed/SRR25023304_2_val_2_fastqc
[2024-07-01 02:10:15,459] multiqc                                            [INFO   ]  Search path : /home/fer/Documents/AutoMethycTest/output/Bismark/cases/fastq_trimmed/SRR25023304_2_val_2_fastqc.html
[2024-07-01 02:10:15,459] multiqc                                            [INFO   ]  Search path : /home/fer/Documents/AutoMethycTest/output/Bismark/cases/fastq_trimmed/SRR25023304_2_val_2_fastqc.zip
[2024-07-01 02:10:15,459] multiqc                                            [INFO   ]  Search path : /home/fer/Documents/AutoMethycTest/output/Bismark/cases/fastq_trimmed/SRR25023304_2_val_2.fq.gz
[2024-07-01 02:10:15,459] multiqc                                            [INFO   ]  Search path : /home/fer/Documents/AutoMethycTest/output/Bismark/cases/fastq_trimmed/SRR25023305_1.fastq.gz_trimming_report.txt
[2024-07-01 02:10:15,459] multiqc                                            [INFO   ]  Search path : /home/fer/Documents/AutoMethycTest/output/Bismark/cases/fastq_trimmed/SRR25023305_1_val_1_fastqc
[2024-07-01 02:10:15,459] multiqc                                            [INFO   ]  Search path : /home/fer/Documents/AutoMethycTest/output/Bismark/cases/fastq_trimmed/SRR25023305_1_val_1_fastqc.html
[2024-07-01 02:10:15,459] multiqc                                            [INFO   ]  Search path : /home/fer/Documents/AutoMethycTest/output/Bismark/cases/fastq_trimmed/SRR25023305_1_val_1_fastqc.zip
[2024-07-01 02:10:15,459] multiqc                                            [INFO   ]  Search path : /home/fer/Documents/AutoMethycTest/output/Bismark/cases/fastq_trimmed/SRR25023305_1_val_1.fq.gz
[2024-07-01 02:10:15,459] multiqc                                            [INFO   ]  Search path : /home/fer/Documents/AutoMethycTest/output/Bismark/cases/fastq_trimmed/SRR25023305_2.fastq.gz_trimming_report.txt
[2024-07-01 02:10:15,459] multiqc                                            [INFO   ]  Search path : /home/fer/Documents/AutoMethycTest/output/Bismark/cases/fastq_trimmed/SRR25023305_2_val_2_fastqc
[2024-07-01 02:10:15,459] multiqc                                            [INFO   ]  Search path : /home/fer/Documents/AutoMethycTest/output/Bismark/cases/fastq_trimmed/SRR25023305_2_val_2_fastqc.html
[2024-07-01 02:10:15,460] multiqc                                            [INFO   ]  Search path : /home/fer/Documents/AutoMethycTest/output/Bismark/cases/fastq_trimmed/SRR25023305_2_val_2_fastqc.zip
[2024-07-01 02:10:15,460] multiqc                                            [INFO   ]  Search path : /home/fer/Documents/AutoMethycTest/output/Bismark/cases/fastq_trimmed/SRR25023305_2_val_2.fq.gz
[2024-07-01 02:10:20,474] multiqc                                            [DEBUG  ]  Summary of files that were skipped by the search: [skipped_module_specific_max_filesize: 308] // [skipped_no_match: 180] // [skipped_ignore_pattern: 10]
[2024-07-01 02:10:21,506] multiqc.plots.bargraph                             [DEBUG  ]  Using matplotlib version 3.5.2
[2024-07-01 02:10:21,507] multiqc.plots.linegraph                            [DEBUG  ]  Using matplotlib version 3.5.2
[2024-07-01 02:10:21,508] multiqc                                            [DEBUG  ]  No samples found: custom_content
[2024-07-01 02:10:21,601] multiqc.modules.cutadapt.cutadapt                  [INFO   ]  Found 10 reports
[2024-07-01 02:10:21,768] multiqc.modules.fastqc.fastqc                      [DEBUG  ]  Skipping 'SRR25023301_1_val_1_fastqc.zip' as already parsed 'SRR25023301_1_val_1'
[2024-07-01 02:10:21,768] multiqc.modules.fastqc.fastqc                      [DEBUG  ]  Skipping 'SRR25023301_2_val_2_fastqc.zip' as already parsed 'SRR25023301_2_val_2'
[2024-07-01 02:10:21,768] multiqc.modules.fastqc.fastqc                      [DEBUG  ]  Skipping 'SRR25023302_1_val_1_fastqc.zip' as already parsed 'SRR25023302_1_val_1'
[2024-07-01 02:10:21,768] multiqc.modules.fastqc.fastqc                      [DEBUG  ]  Skipping 'SRR25023302_2_val_2_fastqc.zip' as already parsed 'SRR25023302_2_val_2'
[2024-07-01 02:10:21,768] multiqc.modules.fastqc.fastqc                      [DEBUG  ]  Skipping 'SRR25023303_1_val_1_fastqc.zip' as already parsed 'SRR25023303_1_val_1'
[2024-07-01 02:10:21,769] multiqc.modules.fastqc.fastqc                      [DEBUG  ]  Skipping 'SRR25023303_2_val_2_fastqc.zip' as already parsed 'SRR25023303_2_val_2'
[2024-07-01 02:10:21,769] multiqc.modules.fastqc.fastqc                      [DEBUG  ]  Skipping 'SRR25023304_1_val_1_fastqc.zip' as already parsed 'SRR25023304_1_val_1'
[2024-07-01 02:10:21,769] multiqc.modules.fastqc.fastqc                      [DEBUG  ]  Skipping 'SRR25023304_2_val_2_fastqc.zip' as already parsed 'SRR25023304_2_val_2'
[2024-07-01 02:10:21,769] multiqc.modules.fastqc.fastqc                      [DEBUG  ]  Skipping 'SRR25023305_1_val_1_fastqc.zip' as already parsed 'SRR25023305_1_val_1'
[2024-07-01 02:10:21,769] multiqc.modules.fastqc.fastqc                      [DEBUG  ]  Skipping 'SRR25023305_2_val_2_fastqc.zip' as already parsed 'SRR25023305_2_val_2'
[2024-07-01 02:10:21,769] multiqc.modules.fastqc.fastqc                      [INFO   ]  Found 10 reports
[2024-07-01 02:10:21,994] multiqc                                            [INFO   ]  Compressing plot data
[2024-07-01 02:10:22,280] multiqc                                            [INFO   ]  Report      : multiqc_report.html
[2024-07-01 02:10:22,280] multiqc                                            [INFO   ]  Data        : multiqc_data
[2024-07-01 02:10:22,281] multiqc                                            [DEBUG  ]  Moving data file from '/tmp/tmpih7f3q7o/multiqc_data' to '/home/fer/Documents/AutoMethycTest/multiqc_data'
[2024-07-01 02:10:22,421] multiqc                                            [INFO   ]  MultiQC complete
